
**** Build of configuration Nios II for project teste1 ****

make all 
      1 [main] sh 2496 find_fast_cwd: WARNING: Couldn't compute FAST_CWD pointer.  Please report this problem to
the public mailing list cygwin@cygwin.com
      1 [main] sh 7596 find_fast_cwd: WARNING: Couldn't compute FAST_CWD pointer.  Please report this problem to
the public mailing list cygwin@cygwin.com
      1 [main] echo 12892 find_fast_cwd: WARNING: Couldn't compute FAST_CWD pointer.  Please report this problem to
Info: Building ../teste1_bsp/
the public mailing list cygwin@cygwin.com
make --no-print-directory -C ../teste1_bsp/
      1 [main] pwd 3800 find_fast_cwd: WARNING: Couldn't compute FAST_CWD pointer.  Please report this problem to
the public mailing list cygwin@cygwin.com
      2 [main] sh 14188 find_fast_cwd: WARNING: Couldn't compute FAST_CWD pointer.  Please report this problem to
the public mailing list cygwin@cygwin.com
      1 [main] sh 1428 find_fast_cwd: WARNING: Couldn't compute FAST_CWD pointer.  Please report this problem to
the public mailing list cygwin@cygwin.com
[BSP build complete]
      1 [main] echo 5184 find_fast_cwd: WARNING: Couldn't compute FAST_CWD pointer.  Please report this problem to
Info: Compiling hello_world_small.c to obj/default/hello_world_small.o
the public mailing list cygwin@cygwin.com
     34 [main] mkdir 9292 find_fast_cwd: WARNING: Couldn't compute FAST_CWD pointer.  Please report this problem to
nios2-elf-gcc -xc -MP -MMD -c -I../teste1_bsp//HAL/inc -I../teste1_bsp/ -I../teste1_bsp//drivers/inc  -DSYSTEM_BUS_WIDTH=32 -pipe -D__hal__ -DALT_NO_C_PLUS_PLUS -DALT_NO_CLEAN_EXIT -DALT_NO_EXIT -DALT_USE_DIRECT_DRIVERS -DALT_NO_INSTRUCTION_EMULATION -DALT_USE_SMALL_DRIVERS -DSMALL_C_LIB -DALT_SINGLE_THREADED    -Os -g -Wall   -EL -mno-hw-div -mno-hw-mul -mno-hw-mulx  -o obj/default/hello_world_small.o hello_world_small.c
the public mailing list cygwin@cygwin.com
Info: Linking teste1.elf
hello_world_small.c: In function 'f_maq':
nios2-elf-g++  -T'../teste1_bsp//linker.x' -msys-crt0='../teste1_bsp//obj/HAL/src/crt0.o' -msys-lib=hal_bsp -L../teste1_bsp/  -Wl,--defsym,exit=_exit -msmallc  -Wl,-Map=teste1.map   -Os -g -Wall   -EL -mno-hw-div -mno-hw-mul -mno-hw-mulx  -o teste1.elf obj/default/hello_world_small.o -lm 
hello_world_small.c:161: warning: no return statement in function returning non-void
nios2-elf-insert teste1.elf --thread_model hal --cpu_name nios2_qsys_avsb --qsys true --simulation_enabled false --stderr_dev jtag_uart_avsb --stdin_dev jtag_uart_avsb --stdout_dev jtag_uart_avsb --sopc_system_name aula0511_qsys --quartus_project_dir "C:/Users/anton/Desktop/CEFET201/DispReprog/aula0511" --sopcinfo C:/Users/anton/Desktop/CEFET201/DispReprog/aula0511/aula0511_qsys.sopcinfo
      1 [main] true 11836 find_fast_cwd: WARNING: Couldn't compute FAST_CWD pointer.  Please report this problem to
the public mailing list cygwin@cygwin.com
      2 [main] echo 3008 find_fast_cwd: WARNING: Couldn't compute FAST_CWD pointer.  Please report this problem to
the public mailing list cygwin@cygwin.com
      2 [main] sh 7256 find_fast_cwd: WARNING: Couldn't compute FAST_CWD pointer.  Please report this problem to
the public mailing list cygwin@cygwin.com
      1 [main] uname 11892 find_fast_cwd: WARNING: Couldn't compute FAST_CWD pointer.  Please report this problem to
the public mailing list cygwin@cygwin.com
      2 [main] sh 4044 find_fast_cwd: WARNING: Couldn't compute FAST_CWD pointer.  Please report this problem to
the public mailing list cygwin@cygwin.com
Info: (teste1.elf) 1592 Bytes program size (code + initialized data).
Info:              38 KBytes free for stack + heap.
      1 [main] echo 11160 find_fast_cwd: WARNING: Couldn't compute FAST_CWD pointer.  Please report this problem to
Info: Creating teste1.objdump
the public mailing list cygwin@cygwin.com
nios2-elf-objdump --disassemble --syms --all-header --source teste1.elf >teste1.objdump
      1 [main] sh 11320 find_fast_cwd: WARNING: Couldn't compute FAST_CWD pointer.  Please report this problem to
the public mailing list cygwin@cygwin.com
      1 [main] sh 8152 find_fast_cwd: WARNING: Couldn't compute FAST_CWD pointer.  Please report this problem to
the public mailing list cygwin@cygwin.com
[teste1 build complete]

**** Build Finished ****
